steam.sh[787082]: Running Steam on ubuntu 22.04 64-bit
steam.sh[787082]: STEAM_RUNTIME is enabled automatically
setup.sh[787196]: Steam runtime environment up-to-date!
steam.sh[787082]: Steam client's requirements are satisfied
08/30 22:44:43 Init: Installing breakpad exception handler for appid(steam)/version(1690583737)/tid(787269)
[2023-08-30 22:44:43] Startup - updater built Jul 28 2023 18:44:09
[2023-08-30 22:44:43] Startup - Steam Client launched with: '/home/jimbo/.local/share/Steam/ubuntu12_32/steam'
Looks like steam didn't shutdown cleanly, scheduling immediate update check
[2023-08-30 22:44:44] Loading cached metrics from disk (/home/jimbo/.local/share/Steam/package/steam_client_metrics.bin)
[2023-08-30 22:44:44] Using the following download hosts for Public, Realm steamglobal
[2023-08-30 22:44:44] 1. https://client-update.akamai.steamstatic.com, /, Realm 'steamglobal', weight was 1000, source = 'update_hosts_cached.vdf'
[2023-08-30 22:44:44] 2. https://cdn.cloudflare.steamstatic.com, /client/, Realm 'steamglobal', weight was 1, source = 'update_hosts_cached.vdf'
[2023-08-30 22:44:44] 3. https://cdn.steamstatic.com, /client/, Realm 'steamglobal', weight was 1, source = 'baked in'
[2023-08-30 22:44:44] Checking for update on startup
[2023-08-30 22:44:44] Checking for available updates...
[2023-08-30 22:44:44] Downloading manifest: https://client-update.akamai.steamstatic.com/steam_client_ubuntu12
[2023-08-30 22:44:44] Manifest download: send request
[2023-08-30 22:44:44] Manifest download: waiting for download to finish
[2023-08-30 22:44:44] Manifest download: finished
[2023-08-30 22:44:44] Download skipped: /steam_client_ubuntu12 version 1690583737, installed version 1690583737, existing pending version 0
[2023-08-30 22:44:44] Nothing to do
[2023-08-30 22:44:44] Verifying installation...
[2023-08-30 22:44:44] Performing checksum v/usr/share/themes/Yaru/gtk-2.0/main.rc:775: error: unexpected identifier 'direction', expected character '}'
/usr/share/themes/Yaru/gtk-2.0/hacks.rc:28: error: invalid string constant "normal_entry", expected valid string constant
GetWin32Stats: display was not open yet, good
GetWin32Stats: display was not open yet, good
steamwebhelper.sh[787300]: Runtime for steamwebhelper: defaulting to /home/jimbo/.local/share/Steam/ubuntu12_64/steam-runtime-heavy
steamwebhelper.sh[787300]: glibc >= 2.34, partially disabling sandbox until CEF supports clone3()
CAppInfoCacheReadFromDiskThread took 57 milliseconds to initialize
BRefreshApplicationsInLibrary 1: 1ms
BuildCompleteAppOverviewChange: 569 apps
RegisterForAppOverview 1: 17ms
RegisterForAppOverview 2: 18ms
Fossilize INFO: Setting autogroup scheduling.
Fossilize INFO: Setting autogroup scheduling.
/bin/sh\0-c\0/home/jimbo/.local/share/Steam/ubuntu12_32/reaper SteamLaunch AppId=1868140 -- /home/jimbo/.local/share/Steam/ubuntu12_32/steam-launch-wrapper -- '/home/jimbo/.local/share/Steam/steamapps/common/SteamLinuxRuntime_sniper'/_v2-entry-point --verb=waitforexitandrun -- '/home/jimbo/.local/share/Steam/steamapps/common/Proton 8.0'/proton waitforexitandrun  '/home/jimbo/.local/share/Steam/steamapps/common/Dave the Diver/DaveTheDiver.exe'\0
ERROR: ld.so: object '/home/jimbo/.local/share/Steam/ubuntu12_32/gameoverlayrenderer.so' from LD_PRELOAD cannot be preloaded (wrong ELF class: ELFCLASS32): ignored.
ERROR: ld.so: object '/home/jimbo/.local/share/Steam/ubuntu12_64/gameoverlayrenderer.so' from LD_PRELOAD cannot be preloaded (wrong ELF class: ELFCLASS64): ignored.
ERROR: ld.so: object '/home/jimbo/.local/share/Steam/ubuntu12_32/gameoverlayrenderer.so' from LD_PRELOAD cannot be preloaded (wrong ELF class: ELFCLASS32): ignored.
ERROR: ld.so: object '/home/jimbo/.local/share/Steam/ubuntu12_32/gameoverlayrenderer.so' from LD_PRELOAD cannot be preloaded (wrong ELF class: ELFCLASS32): ignored.
ERROR: ld.so: object '/home/jimbo/.local/share/Steam/ubuntu12_32/gameoverlayrenderer.so' from LD_PRELOAD cannot be preloaded (wrong ELF class: ELFCLASS32): ignored.
esync: up and running.
wine: RLIMIT_NICE is <= 20, unable to use setpriority safely
Setting breakpad minidump AppID = 1868140
Steam_SetMinidumpSteamID:  Caching Steam ID:  76561198096184299 [API loaded no]
Fossilize INFO: Overriding serialization path: "/home/jimbo/.local/share/Steam/steamapps/shadercache/1868140/fozpipelinesv6/steamapprun_pipeline_cache".
08/30 22:45:36 Init: Installing breakpad exception handler for appid(gameoverlayui)/version(20230728184426)/tid(795452)
08/30 22:45:36 Init: Installing breakpad exception handler for appid(gameoverlayui)/version(1.0)/tid(795452)
erification of executable files
[2023-08-30 22:44:46] Verification complete
XRRGetOutputInfo Workaround: initialized with override: 0 real: 0xe9606370
XRRGetCrtcInfo Workaround: initialized with override: 0 real: 0xe9604cc0
[2023-08-30 22:46:46] Background update loop checking for update. . .
[2023-08-30 22:46:46] Checking for available updates...
[2023-08-30 22:46:46] Downloading manifest: https://client-update.akamai.steamstatic.com/steam_client_ubuntu12?t=488407038
[2023-08-30 22:46:46] Manifest downloadpid 793765 != 793764, skipping destruction (fork without exec?)
Game 1868140 created interface STEAMAPPLIST_INTERFACE_VERSION001 / AppList
Game 1868140 created interface STEAMAPPS_INTERFACE_VERSION008 / Apps
Game 1868140 created interface STEAMAPPTICKET_INTERFACE_VERSION001 / 
Game 1868140 created interface STEAMHTMLSURFACE_INTERFACE_VERSION_005 / HTMLSurface
Game 1868140 created interface STEAMHTTP_INTERFACE_VERSION003 / HTTP
Game 1868140 created interface STEAMINVENTORY_INTERFACE_V003 / Inventory
Game 1868140 created interface STEAMMUSICREMOTE_INTERFACE_VERSION001 / MusicRemote
Game 1868140 created interface STEAMMUSIC_INTERFACE_VERSION001 / Music
Game 1868140 created interface STEAMPARENTALSETTINGS_INTERFACE_VERSION001 / ParentalSettings
Game 1868140 created interface STEAMREMOTEPLAY_INTERFACE_VERSION001 / RemotePlay
Game 1868140 created interface STEAMREMOTESTORAGE_INTERFACE_VERSION016 / RemoteStorage
Game 1868140 created interface STEAMSCREENSHOTS_INTERFACE_VERSION003 / Screenshots
Game 1868140 created interface STEAMUGC_INTERFACE_VERSION016 / UGC
Game 1868140 created interface STEAMUSERSTATS_INTERFACE_VERSION012 / UserStats
Game 1868140 created interface STEAMVIDEO_INTERFACE_V002 / Video
Game 1868140 created interface SteamController008 / 
Game 1868140 created interface SteamFriends017 / Friends
Game 1868140 created interface SteamInput006 / 
Game 1868140 created interface SteamInput006 / Controller
Game 1868140 created interface SteamMatchGameSearch001 / GameSearch
Game 1868140 created interface SteamMatchMaking009 / Matchmaking
Game 1868140 created interface SteamMatchMakingServers002 / MatchmakingServers
Game 1868140 created interface SteamNetworking006 / Networking
Game 1868140 created interface SteamNetworkingMessages002 / 
Game 1868140 created interface SteamNetworkingSockets012 / 
Game 1868140 created interface SteamNetworkingUtils004 / 
Game 1868140 created interface SteamParties002 / Parties
Game 1868140 created interface SteamUser017 / User
Game 1868140 created interface SteamUser021 / User
Game 1868140 created interface SteamUtils007 / Utils
Game 1868140 created interface SteamUtils010 / 
Game 1868140 created interface SteamUtils010 / Utils
Game 1868140 method call count for IClientNetworkingUtilsSerialized::GotLocationString : 2
Game 1868140 method call count for IClientNetworkingSocketsSerialized::GetSTUNServer : 2
Game 1868140 method call count for IClientNetworkingSocketsSerialized::GetCachedRelayTicketCount : 1
Game 1868140 method call count for IClientNetworkingSocketsSerialized::GetCertAsync : 1
Game 1868140 method call count for IClientHTTP::ReleaseHTTPRequest : 2
Game 1868140 method call count for IClientHTTP::GetHTTPResponseBodyData : 2
Game 1868140 method call count for IClientHTTP::SendHTTPRequest : 2
Game 1868140 method call count for IClientHTTP::SetHTTPRequestHeaderValue : 1
Game 1868140 method call count for IClientHTTP::CreateHTTPRequest : 2
Game 1868140 method call count for IClientRemoteStorage::EndFileWriteBatch : 129
Game 1868140 method call count for IClientRemoteStorage::BeginFileWriteBatch : 129
Game 1868140 method call count for IClientRemoteStorage::GetLocalFileChangeCount : 1
Game 1868140 method call count for IClientRemoteStorage::IsCloudEnabledForApp : 15
Game 1868140 method call count for IClientRemoteStorage::IsCloudEnabledForAccount : 15
Game 1868140 method call count for IClientRemoteStorage::FileDelete : 2
Game 1868140 method call count for IClientRemoteStorage::GetQuota : 134
Game 1868140 method call count for IClientRemoteStorage::FileExists : 33
Game 1868140 method call count for IClientRemoteStorage::GetFileSize : 10
Game 1868140 method call count for IClientRemoteStorage::FileWriteAsync : 129
Game 1868140 method call count for IClientRemoteStorage::FileRead : 10
Game 1868140 method call count for IClientUserStats::SetAchievement : 1
Game 1868140 method call count for IClientUserStats::GetAchievement : 5
Game 1868140 method call count for IClientUserStats::StoreStats : 3
Game 1868140 method call count for IClientUserStats::SetStat : 3
Game 1868140 method call count for IClientUserStats::RequestCurrentStats : 1
Game 1868140 method call count for IClientAppManager::GetAppInstallDir : 1
Game 1868140 method call count for IClientUtils::RecordSteamInterfaceCreation : 35
Game 1868140 method call count for IClientUtils::GetAPICallResult : 136
Game 1868140 method call count for IClientUtils::GetAppID : 39
Game 1868140 method call count for IClientUtils::GetIPCountry : 1
Game 1868140 method call count for IClientUtils::GetServerRealTime : 19
Game 1868140 method call count for IClientUser::GetEncryptedAppTicket : 1
Game 1868140 method call count for IClientUser::RequestEncryptedAppTicket : 1
Game 1868140 method call count for IClientUser::GetAppOwnershipTicketExtendedData : 1
Game 1868140 method call count for IClientUser::GetSteamID : 5
Game 1868140 method call count for IClientUser::BLoggedOn : 1
Uploaded AppInterfaceStats to Steam

(process:795452): GLib-GObject-CRITICAL **: 00:06:30.916: g_object_unref: assertion 'G_IS_OBJECT (object)' failed
reaping pid: 795452 -- gameoverlayui
: send request
[2023-08-30 22:46:46] Manifest download: waiting for download to finish
[2023-08-30 22:46:47] Manifest download: finished
[2023-08-30 22:46:47] Download skipped by HTTP 304 Not Modified
[2023-08-30 22:46:47] Nothing to do
[2023-08-31 06:35:25] Background update loop checking for update. . .
[2023-08-31 06:35:25] Downloading manifest: https://client-update.akamai.steamstatic.com/steam_client_ubuntu12?t=488407038
[2023-08-31 06:35:25] Manifest download: send request
[2023-08-31 06:35:25] Manifeesync: up and running.
wine: RLIMIT_NICE is <= 20, unable to use setpriority safely

(wine:1207844): GStreamer-WARNING **: 06:48:46.548: Failed to load plugin '/home/jimbo/.local/share/Steam/steamapps/common/Proton Hotfix/files/lib64/gstreamer-1.0/libgstvpx.so': /home/jimbo/.local/share/Steam/steamapps/common/Proton Hotfix/files/lib64/gstreamer-1.0/libgstvpx.so: wrong ELF class: ELFCLASS64

(wine:1207844): GStreamer-WARNING **: 06:48:46.549: Failed to load plugin '/home/jimbo/.local/share/Steam/steamapps/common/Proton Hotfix/files/lib64/gstreamer-1.0/libgstmatroska.so': /home/jimbo/.local/share/Steam/steamapps/common/Proton Hotfix/files/lib64/gstreamer-1.0/libgstmatroska.so: wrong ELF class: ELFCLASS64

(wine:1207844): GStreamer-WARNING **: 06:48:46.549: Failed to load plugin '/home/jimbo/.local/share/Steam/steamapps/common/Proton Hotfix/files/lib64/gstreamer-1.0/libgstapp.so': /home/jimbo/.local/share/Steam/steamapps/common/Proton Hotfix/files/lib64/gstreamer-1.0/libgstapp.so: wrong ELF class: ELFCLASS64

(wine:1207844): GStreamer-WARNING **: 06:48:46.549: Failed to load plugin '/home/jimbo/.local/share/Steam/steamapps/common/Proton Hotfix/files/lib64/gstreamer-1.0/libprotonmediaconverter.so': /home/jimbo/.local/share/Steam/steamapps/common/Proton Hotfix/files/lib64/gstreamer-1.0/libprotonmediaconverter.so: wrong ELF class: ELFCLASS64

(wine:1207844): GStreamer-WARNING **: 06:48:46.549: Failed to load plugin '/home/jimbo/.local/share/Steam/steamapps/common/Proton Hotfix/files/lib64/gstreamer-1.0/libgstopus.so': /home/jimbo/.local/share/Steam/steamapps/common/Proton Hotfix/files/lib64/gstreamer-1.0/libgstopus.so: wrong ELF class: ELFCLASS64

(wine:1207844): GStreamer-WARNING **: 06:48:46.549: Failed to load plugin '/home/jimbo/.local/share/Steam/steamapps/common/Proton Hotfix/files/lib64/gstreamer-1.0/libgstpbtypes.so': /home/jimbo/.local/share/Steam/steamapps/common/Proton Hotfix/files/lib64/gstreamer-1.0/libgstpbtypes.so: wrong ELF class: ELFCLASS64

(wine:1207844): GStreamer-WARNING **: 06:48:46.550: Failed to load plugin '/home/jimbo/.local/share/Steam/steamapps/common/Proton Hotfix/files/lib64/gstreamer-1.0/libgstdebug.so': /home/jimbo/.local/share/Steam/steamapps/common/Proton Hotfix/files/lib64/gstreamer-1.0/libgstdebug.so: wrong ELF class: ELFCLASS64

(wine:1207844): GStreamer-WARNING **: 06:48:46.550: Failed to load plugin '/home/jimbo/.local/share/Steam/steamapps/common/Proton Hotfix/files/lib64/gstreamer-1.0/libgstautodetect.so': /home/jimbo/.local/share/Steam/steamapps/common/Proton Hotfix/files/lib64/gstreamer-1.0/libgstautodetect.so: wrong ELF class: ELFCLASS64

(wine:1207844): GStreamer-WARNING **: 06:48:46.550: Failed to load plugin '/home/jimbo/.local/share/Steam/steamapps/common/Proton Hotfix/files/lib64/gstreamer-1.0/libgstogg.so': /home/jimbo/.local/share/Steam/steamapps/common/Proton Hotfix/files/lib64/gstreamer-1.0/libgstogg.so: wrong ELF class: ELFCLASS64

(wine:1207844): GStreamer-WARNING **: 06:48:46.551: Failed to load plugin '/home/jimbo/.local/share/Steam/steamapps/common/Proton Hotfix/files/lib64/gstreamer-1.0/libgstisomp4.so': /home/jimbo/.local/share/Steam/steamapps/common/Proton Hotfix/files/lib64/gstreamer-1.0/libgstisomp4.so: wrong ELF class: ELFCLASS64

(wine:1207844): GStreamer-WARNING **: 06:48:46.551: Failed to load plugin '/home/jimbo/.local/share/Steam/steamapps/common/Proton Hotfix/files/lib64/gstreamer-1.0/libgstplayback.so': /home/jimbo/.local/share/Steam/steamapps/common/Proton Hotfix/files/lib64/gstreamer-1.0/libgstplayback.so: wrong ELF class: ELFCLASS64

(wine:1207844): GStreamer-WARNING **: 06:48:46.551: Failed to load plugin '/home/jimbo/.local/share/Steam/steamapps/common/Proton Hotfix/files/lib64/gstreamer-1.0/libgstsoup.so': /home/jimbo/.local/share/Steam/steamapps/common/Proton Hotfix/files/lib64/gstreamer-1.0/libgstsoup.so: wrong ELF class: ELFCLASS64

(wine:1207844): GStreamer-WARNING **: 06:48:46.551: Failed to load plugin '/home/jimbo/.local/share/Steam/steamapps/common/Proton Hotfix/files/lib64/gstreamer-1.0/libgstmpg123.so': /home/jimbo/.local/share/Steam/steamapps/common/Proton Hotfix/files/lib64/gstreamer-1.0/libgstmpg123.so: wrong ELF class: ELFCLASS64

(wine:1207844): GStreamer-WARNING **: 06:48:46.552: Failed to load plugin '/home/jimbo/.local/share/Steam/steamapps/common/Proton Hotfix/files/lib64/gstreamer-1.0/libgstaudioparsers.so': /home/jimbo/.local/share/Steam/steamapps/common/Proton Hotfix/files/lib64/gstreamer-1.0/libgstaudioparsers.so: wrong ELF class: ELFCLASS64

(wine:1207844): GStreamer-WARNING **: 06:48:46.552: Failed to load plugin '/home/jimbo/.local/share/Steam/steamapps/common/Proton Hotfix/files/lib64/gstreamer-1.0/libgstwavparse.so': /home/jimbo/.local/share/Steam/steamapps/common/Proton Hotfix/files/lib64/gstreamer-1.0/libgstwavparse.so: wrong ELF class: ELFCLASS64

(wine:1207844): GStreamer-WARNING **: 06:48:46.552: Failed to load plugin '/home/jimbo/.local/share/Steam/steamapps/common/Proton Hotfix/files/lib64/gstreamer-1.0/libgstid3demux.so': /home/jimbo/.local/share/Steam/steamapps/common/Proton Hotfix/files/lib64/gstreamer-1.0/libgstid3demux.so: wrong ELF class: ELFCLASS64

(wine:1207844): GStreamer-WARNING **: 06:48:46.553: Failed to load plugin '/home/jimbo/.local/share/Steam/steamapps/common/Proton Hotfix/files/lib64/gstreamer-1.0/libgstvideofilter.so': /home/jimbo/.local/share/Steam/steamapps/common/Proton Hotfix/files/lib64/gstreamer-1.0/libgstvideofilter.so: wrong ELF class: ELFCLASS64

(wine:1207844): GStreamer-WARNING **: 06:48:46.553: Failed to load plugin '/home/jimbo/.local/share/Steam/steamapps/common/Proton Hotfix/files/lib64/gstreamer-1.0/libgstnavigationtest.so': /home/jimbo/.local/share/Steam/steamapps/common/Proton Hotfix/files/lib64/gstreamer-1.0/libgstnavigationtest.so: wrong ELF class: ELFCLASS64

(wine:1207844): GStreamer-WARNING **: 06:48:46.554: Failed to load plugin '/home/jimbo/.local/share/Steam/steamapps/common/Proton Hotfix/files/lib64/gstreamer-1.0/libgsttypefindfunctions.so': /home/jimbo/.local/share/Steam/steamapps/common/Proton Hotfix/files/lib64/gstreamer-1.0/libgsttypefindfunctions.so: wrong ELF class: ELFCLASS64

(wine:1207844): GStreamer-WARNING **: 06:48:46.554: Failed to load plugin '/home/jimbo/.local/share/Steam/steamapps/common/Proton Hotfix/files/lib64/gstreamer-1.0/libgstvideobox.so': /home/jimbo/.local/share/Steam/steamapps/common/Proton Hotfix/files/lib64/gstreamer-1.0/libgstvideobox.so: wrong ELF class: ELFCLASS64

(wine:1207844): GStreamer-WARNING **: 06:48:46.554: Failed to load plugin '/home/jimbo/.local/share/Steam/steamapps/common/Proton Hotfix/files/lib64/gstreamer-1.0/libgstaudioconvert.so': /home/jimbo/.local/share/Steam/steamapps/common/Proton Hotfix/files/lib64/gstreamer-1.0/libgstaudioconvert.so: wrong ELF class: ELFCLASS64

(wine:1207844): GStreamer-WARNING **: 06:48:46.555: Failed to load plugin '/home/jimbo/.local/share/Steam/steamapps/common/Proton Hotfix/files/lib64/gstreamer-1.0/libgstdeinterlace.so': /home/jimbo/.local/share/Steam/steamapps/common/Proton Hotfix/files/lib64/gstreamer-1.0/libgstdeinterlace.so: wrong ELF class: ELFCLASS64

(wine:1207844): GStreamer-WARNING **: 06:48:46.555: Failed to load plugin '/home/jimbo/.local/share/Steam/steamapps/common/Proton Hotfix/files/lib64/gstreamer-1.0/libgstlibav.so': /home/jimbo/.local/share/Steam/steamapps/common/Proton Hotfix/files/lib64/gstreamer-1.0/libgstlibav.so: wrong ELF class: ELFCLASS64

(wine:1207844): GStreamer-WARNING **: 06:48:46.555: Failed to load plugin '/home/jimbo/.local/share/Steam/steamapps/common/Proton Hotfix/files/lib64/gstreamer-1.0/libgstopengl.so': /home/jimbo/.local/share/Steam/steamapps/common/Proton Hotfix/files/lib64/gstreamer-1.0/libgstopengl.so: wrong ELF class: ELFCLASS64

(wine:1207844): GStreamer-WARNING **: 06:48:46.556: Failed to load plugin '/home/jimbo/.local/share/Steam/steamapps/common/Proton Hotfix/files/lib64/gstreamer-1.0/libgstximagesink.so': /home/jimbo/.local/share/Steam/steamapps/common/Proton Hotfix/files/lib64/gstreamer-1.0/libgstximagesink.so: wrong ELF class: ELFCLASS64

(wine:1207844): GStreamer-WARNING **: 06:48:46.556: Failed to load plugin '/home/jimbo/.local/share/Steam/steamapps/common/Proton Hotfix/files/lib64/gstreamer-1.0/libgstadder.so': /home/jimbo/.local/share/Steam/steamapps/common/Proton Hotfix/files/lib64/gstreamer-1.0/libgstadder.so: wrong ELF class: ELFCLASS64

(wine:1207844): GStreamer-WARNING **: 06:48:46.557: Failed to load plugin '/home/jimbo/.local/share/Steam/steamapps/common/Proton Hotfix/files/lib64/gstreamer-1.0/libgsttheora.so': /home/jimbo/.local/share/Steam/steamapps/common/Proton Hotfix/files/lib64/gstreamer-1.0/libgsttheora.so: wrong ELF class: ELFCLASS64

(wine:1207844): GStreamer-WARNING **: 06:48:46.557: Failed to load plugin '/home/jimbo/.local/share/Steam/steamapps/common/Proton Hotfix/files/lib64/gstreamer-1.0/libgstcoreelements.so': /home/jimbo/.local/share/Steam/steamapps/common/Proton Hotfix/files/lib64/gstreamer-1.0/libgstcoreelements.so: wrong ELF class: ELFCLASS64

(wine:1207844): GStreamer-WARNING **: 06:48:46.557: Failed to load plugin '/home/jimbo/.local/share/Steam/steamapps/common/Proton Hotfix/files/lib64/gstreamer-1.0/libgstrsdav1d.so': /home/jimbo/.local/share/Steam/steamapps/common/Proton Hotfix/files/lib64/gstreamer-1.0/libgstrsdav1d.so: wrong ELF class: ELFCLASS64

(wine:1207844): GStreamer-WARNING **: 06:48:46.557: Failed to load plugin '/home/jimbo/.local/share/Steam/steamapps/common/Proton Hotfix/files/lib64/gstreamer-1.0/libgstcoretracers.so': /home/jimbo/.local/share/Steam/steamapps/common/Proton Hotfix/files/lib64/gstreamer-1.0/libgstcoretracers.so: wrong ELF class: ELFCLASS64

(wine:1207844): GStreamer-WARNING **: 06:48:46.558: Failed to load plugin '/home/jimbo/.local/share/Steam/steamapps/common/Proton Hotfix/files/lib64/gstreamer-1.0/libgstvideoconvert.so': /home/jimbo/.local/share/Steam/steamapps/common/Proton Hotfix/files/lib64/gstreamer-1.0/libgstvideoconvert.so: wrong ELF class: ELFCLASS64

(wine:1207844): GStreamer-WARNING **: 06:48:46.558: Failed to load plugin '/home/jimbo/.local/share/Steam/steamapps/common/Proton Hotfix/files/lib64/gstreamer-1.0/libgstavi.so': /home/jimbo/.local/share/Steam/steamapps/common/Proton Hotfix/files/lib64/gstreamer-1.0/libgstavi.so: wrong ELF class: ELFCLASS64

(wine:1207844): GStreamer-WARNING **: 06:48:46.559: Failed to load plugin '/home/jimbo/.local/share/Steam/steamapps/common/Proton Hotfix/files/lib64/gstreamer-1.0/libgstvideoscale.so': /home/jimbo/.local/share/Steam/steamapps/common/Proton Hotfix/files/lib64/gstreamer-1.0/libgstvideoscale.so: wrong ELF class: ELFCLASS64

(wine:1207844): GStreamer-WARNING **: 06:48:46.559: Failed to load plugin '/home/jimbo/.local/share/Steam/steamapps/common/Proton Hotfix/files/lib64/gstreamer-1.0/libgstvorbis.so': /home/jimbo/.local/share/Steam/steamapps/common/Proton Hotfix/files/lib64/gstreamer-1.0/libgstvorbis.so: wrong ELF class: ELFCLASS64

(wine:1207844): GStreamer-WARNING **: 06:48:46.560: Failed to load plugin '/home/jimbo/.local/share/Steam/steamapps/common/Proton Hotfix/files/lib64/gstreamer-1.0/libgstaudioresample.so': /home/jimbo/.local/share/Steam/steamapps/common/Proton Hotfix/files/lib64/gstreamer-1.0/libgstaudioresample.so: wrong ELF class: ELFCLASS64
wine: configuration in L"/home/jimbo/.local/share/Steam/steamapps/compatdata/1086940/pfx" has been updated.
st download: waiting for download to finish
[2023-08-31 06:35:26] Manifest download: finished
[2023-08-31 06:35:26] Download skipped by HTTP 304 Not Modified
[2023-08-31 06:35:26] Nothing to do
[2023-08-31 10:44:46] Background update loop checking for update. . .
[2023-08-31 10:44:46] Downloading manifest: https://client-update.akamai.steamstatic.com/steam_client_ubuntu12?t=2496630427
[2023-08-31 10:44:46] Manifest download: send request
[2023-08-31 10:44:46] Manifest download: waiting for download to finis
(steam:787269): libappindicator-WARNING **: 17:33:40.762: Unable to send signal for NewIcon: The connection is closed
